<?xml version="1.0" encoding="UTF-8"?>
<testsuite xmlns:xsi="http://www.w3.org/2001/XMLSchema-instance" xsi:noNamespaceSchemaLocation="https://maven.apache.org/surefire/maven-surefire-plugin/xsd/surefire-test-report-3.0.xsd" version="3.0" name="TestingFrontend" time="0.095" tests="2" errors="0" skipped="2" failures="0">
  <properties>
[...]
</properties>
  <testcase name="testTeamSearchUpdatesListModel" classname="TestingFrontend" time="0.0">
    <skipped/>
  </testcase>
  <testcase name="testDriverSearchUpdatesListModel" classname="TestingFrontend" time="0.0">
    <skipped/>
  </testcase>
</testsuite>